This is pdfTeX, Version 3.141592653-2.6-1.40.22 (TeX Live 2022/dev/Debian) (preloaded format=pdflatex 2022.7.24)  21 FEB 2023 16:01
entering extended mode
 restricted \write18 enabled.
 %&-line parsing enabled.
**questoesTopologia.tex
(./questoesTopologia.tex
LaTeX2e <2021-11-15> patch level 1
L3 programming layer <2022-01-21> (./notation.tex) (./preamble.tex
(/usr/share/texlive/texmf-dist/tex/latex/base/article.cls
Document Class: article 2021/10/04 v1.4n Standard LaTeX document class
(/usr/share/texlive/texmf-dist/tex/latex/base/size12.clo
File: size12.clo 2021/10/04 v1.4n Standard LaTeX file (size option)
)
\c@part=\count185
\c@section=\count186
\c@subsection=\count187
\c@subsubsection=\count188
\c@paragraph=\count189
\c@subparagraph=\count190
\c@figure=\count191
\c@table=\count192
\abovecaptionskip=\skip47
\belowcaptionskip=\skip48
\bibindent=\dimen138
)
(/usr/share/texlive/texmf-dist/tex/latex/base/inputenc.sty
Package: inputenc 2021/02/14 v1.3d Input encoding file
\inpenc@prehook=\toks16
\inpenc@posthook=\toks17
)
(/usr/share/texlive/texmf-dist/tex/latex/base/fontenc.sty
Package: fontenc 2021/04/29 v2.0v Standard LaTeX package
)
(/usr/share/texlive/texmf-dist/tex/generic/babel/babel.sty
Package: babel 2022/01/26 3.70 The Babel package
\babel@savecnt=\count193
\U@D=\dimen139
\l@unhyphenated=\language87

(/usr/share/texlive/texmf-dist/tex/generic/babel/txtbabel.def)
\bbl@readstream=\read2
\bbl@dirlevel=\count194

(/usr/share/texlive/texmf-dist/tex/generic/babel-portuges/brazil.ldf
Language: portuges 2021/07/09 v1.2t Portuguese support from the babel system
Package babel Info: Hyphen rules for 'brazil' set to \l@portuguese
(babel)             (\language56). Reported on input line 111.
Package babel Info: Making " an active character on input line 143.
))
(/usr/share/texlive/texmf-dist/tex/latex/xcolor/xcolor.sty
Package: xcolor 2021/10/31 v2.13 LaTeX color extensions (UK)

(/usr/share/texlive/texmf-dist/tex/latex/graphics-cfg/color.cfg
File: color.cfg 2016/01/02 v1.6 sample color configuration
)
Package xcolor Info: Driver file: pdftex.def on input line 227.

(/usr/share/texlive/texmf-dist/tex/latex/graphics-def/pdftex.def
File: pdftex.def 2020/10/05 v1.2a Graphics/color driver for pdftex
)
Package xcolor Info: Model `cmy' substituted by `cmy0' on input line 1352.
Package xcolor Info: Model `hsb' substituted by `rgb' on input line 1356.
Package xcolor Info: Model `RGB' extended on input line 1368.
Package xcolor Info: Model `HTML' substituted by `rgb' on input line 1370.
Package xcolor Info: Model `Hsb' substituted by `hsb' on input line 1371.
Package xcolor Info: Model `tHsb' substituted by `hsb' on input line 1372.
Package xcolor Info: Model `HSB' substituted by `hsb' on input line 1373.
Package xcolor Info: Model `Gray' substituted by `gray' on input line 1374.
Package xcolor Info: Model `wave' substituted by `hsb' on input line 1375.

(/usr/share/texlive/texmf-dist/tex/latex/graphics/dvipsnam.def
File: dvipsnam.def 2016/06/17 v3.0m Driver-dependent file (DPC,SPQR)
))
(/usr/share/texlive/texmf-dist/tex/latex/amsmath/amsmath.sty
Package: amsmath 2021/10/15 v2.17l AMS math features
\@mathmargin=\skip49

For additional information on amsmath, use the `?' option.
(/usr/share/texlive/texmf-dist/tex/latex/amsmath/amstext.sty
Package: amstext 2021/08/26 v2.01 AMS text

(/usr/share/texlive/texmf-dist/tex/latex/amsmath/amsgen.sty
File: amsgen.sty 1999/11/30 v2.0 generic functions
\@emptytoks=\toks18
\ex@=\dimen140
))
(/usr/share/texlive/texmf-dist/tex/latex/amsmath/amsbsy.sty
Package: amsbsy 1999/11/29 v1.2d Bold Symbols
\pmbraise@=\dimen141
)
(/usr/share/texlive/texmf-dist/tex/latex/amsmath/amsopn.sty
Package: amsopn 2021/08/26 v2.02 operator names
)
\inf@bad=\count195
LaTeX Info: Redefining \frac on input line 234.
\uproot@=\count196
\leftroot@=\count197
LaTeX Info: Redefining \overline on input line 399.
\classnum@=\count198
\DOTSCASE@=\count199
LaTeX Info: Redefining \ldots on input line 496.
LaTeX Info: Redefining \dots on input line 499.
LaTeX Info: Redefining \cdots on input line 620.
\Mathstrutbox@=\box50
\strutbox@=\box51
\big@size=\dimen142
LaTeX Font Info:    Redeclaring font encoding OML on input line 743.
LaTeX Font Info:    Redeclaring font encoding OMS on input line 744.
\macc@depth=\count266
\c@MaxMatrixCols=\count267
\dotsspace@=\muskip16
\c@parentequation=\count268
\dspbrk@lvl=\count269
\tag@help=\toks19
\row@=\count270
\column@=\count271
\maxfields@=\count272
\andhelp@=\toks20
\eqnshift@=\dimen143
\alignsep@=\dimen144
\tagshift@=\dimen145
\tagwidth@=\dimen146
\totwidth@=\dimen147
\lineht@=\dimen148
\@envbody=\toks21
\multlinegap=\skip50
\multlinetaggap=\skip51
\mathdisplay@stack=\toks22
LaTeX Info: Redefining \[ on input line 2938.
LaTeX Info: Redefining \] on input line 2939.
)
(/usr/share/texlive/texmf-dist/tex/latex/amsfonts/amsfonts.sty
Package: amsfonts 2013/01/14 v3.01 Basic AMSFonts support
\symAMSa=\mathgroup4
\symAMSb=\mathgroup5
LaTeX Font Info:    Redeclaring math symbol \hbar on input line 98.
LaTeX Font Info:    Overwriting math alphabet `\mathfrak' in version `bold'
(Font)                  U/euf/m/n --> U/euf/b/n on input line 106.
)
(/usr/share/texlive/texmf-dist/tex/latex/amscls/amsthm.sty
Package: amsthm 2020/05/29 v2.20.6
\thm@style=\toks23
\thm@bodyfont=\toks24
\thm@headfont=\toks25
\thm@notefont=\toks26
\thm@headpunct=\toks27
\thm@preskip=\skip52
\thm@postskip=\skip53
\thm@headsep=\skip54
\dth@everypar=\toks28
)
(/usr/share/texlive/texmf-dist/tex/latex/etoolbox/etoolbox.sty
Package: etoolbox 2020/10/05 v2.5k e-TeX tools for LaTeX (JAW)
\etb@tempcnta=\count273
)
(/usr/share/texmf/tex/latex/lm/lmodern.sty
Package: lmodern 2009/10/30 v1.6 Latin Modern Fonts
LaTeX Font Info:    Overwriting symbol font `operators' in version `normal'
(Font)                  OT1/cmr/m/n --> OT1/lmr/m/n on input line 22.
LaTeX Font Info:    Overwriting symbol font `letters' in version `normal'
(Font)                  OML/cmm/m/it --> OML/lmm/m/it on input line 23.
LaTeX Font Info:    Overwriting symbol font `symbols' in version `normal'
(Font)                  OMS/cmsy/m/n --> OMS/lmsy/m/n on input line 24.
LaTeX Font Info:    Overwriting symbol font `largesymbols' in version `normal'
(Font)                  OMX/cmex/m/n --> OMX/lmex/m/n on input line 25.
LaTeX Font Info:    Overwriting symbol font `operators' in version `bold'
(Font)                  OT1/cmr/bx/n --> OT1/lmr/bx/n on input line 26.
LaTeX Font Info:    Overwriting symbol font `letters' in version `bold'
(Font)                  OML/cmm/b/it --> OML/lmm/b/it on input line 27.
LaTeX Font Info:    Overwriting symbol font `symbols' in version `bold'
(Font)                  OMS/cmsy/b/n --> OMS/lmsy/b/n on input line 28.
LaTeX Font Info:    Overwriting symbol font `largesymbols' in version `bold'
(Font)                  OMX/cmex/m/n --> OMX/lmex/m/n on input line 29.
LaTeX Font Info:    Overwriting math alphabet `\mathbf' in version `normal'
(Font)                  OT1/cmr/bx/n --> OT1/lmr/bx/n on input line 31.
LaTeX Font Info:    Overwriting math alphabet `\mathsf' in version `normal'
(Font)                  OT1/cmss/m/n --> OT1/lmss/m/n on input line 32.
LaTeX Font Info:    Overwriting math alphabet `\mathit' in version `normal'
(Font)                  OT1/cmr/m/it --> OT1/lmr/m/it on input line 33.
LaTeX Font Info:    Overwriting math alphabet `\mathtt' in version `normal'
(Font)                  OT1/cmtt/m/n --> OT1/lmtt/m/n on input line 34.
LaTeX Font Info:    Overwriting math alphabet `\mathbf' in version `bold'
(Font)                  OT1/cmr/bx/n --> OT1/lmr/bx/n on input line 35.
LaTeX Font Info:    Overwriting math alphabet `\mathsf' in version `bold'
(Font)                  OT1/cmss/bx/n --> OT1/lmss/bx/n on input line 36.
LaTeX Font Info:    Overwriting math alphabet `\mathit' in version `bold'
(Font)                  OT1/cmr/bx/it --> OT1/lmr/bx/it on input line 37.
LaTeX Font Info:    Overwriting math alphabet `\mathtt' in version `bold'
(Font)                  OT1/cmtt/m/n --> OT1/lmtt/m/n on input line 38.
)
(/usr/share/texlive/texmf-dist/tex/latex/lastpage/lastpage.sty
Package: lastpage 2021/09/03 v1.2n Refers to last page's name (HMM; JPG)
)
(/usr/share/texlive/texmf-dist/tex/latex/totcount/totcount.sty
Package: totcount 2011/01/25 v1.2 package for gettingthe total value of LaTeX c
ounters

(/usr/share/texlive/texmf-dist/tex/latex/graphics/keyval.sty
Package: keyval 2014/10/28 v1.15 key=value parser (DPC)
\KV@toks@=\toks29
))
(/usr/share/texlive/texmf-dist/tex/latex/jknapltx/mathrsfs.sty
Package: mathrsfs 1996/01/01 Math RSFS package v1.0 (jk)
\symrsfs=\mathgroup6
)
(/usr/share/texlive/texmf-dist/tex/latex/tocloft/tocloft.sty
Package: tocloft 2017/08/31 v2.3i parameterised ToC, etc., typesetting
Package tocloft Info: The document has section divisions on input line 51.
\cftparskip=\skip55
\cftbeforetoctitleskip=\skip56
\cftaftertoctitleskip=\skip57
\cftbeforepartskip=\skip58
\cftpartnumwidth=\skip59
\cftpartindent=\skip60
\cftbeforesecskip=\skip61
\cftsecindent=\skip62
\cftsecnumwidth=\skip63
\cftbeforesubsecskip=\skip64
\cftsubsecindent=\skip65
\cftsubsecnumwidth=\skip66
\cftbeforesubsubsecskip=\skip67
\cftsubsubsecindent=\skip68
\cftsubsubsecnumwidth=\skip69
\cftbeforeparaskip=\skip70
\cftparaindent=\skip71
\cftparanumwidth=\skip72
\cftbeforesubparaskip=\skip73
\cftsubparaindent=\skip74
\cftsubparanumwidth=\skip75
\cftbeforeloftitleskip=\skip76
\cftafterloftitleskip=\skip77
\cftbeforefigskip=\skip78
\cftfigindent=\skip79
\cftfignumwidth=\skip80
\c@lofdepth=\count274
\c@lotdepth=\count275
\cftbeforelottitleskip=\skip81
\cftafterlottitleskip=\skip82
\cftbeforetabskip=\skip83
\cfttabindent=\skip84
\cfttabnumwidth=\skip85
)
(/usr/share/texlive/texmf-dist/tex/latex/hyperref/hyperref.sty
Package: hyperref 2021-06-07 v7.00m Hypertext links for LaTeX

(/usr/share/texlive/texmf-dist/tex/generic/ltxcmds/ltxcmds.sty
Package: ltxcmds 2020-05-10 v1.25 LaTeX kernel commands for general use (HO)
)
(/usr/share/texlive/texmf-dist/tex/generic/iftex/iftex.sty
Package: iftex 2020/03/06 v1.0d TeX engine tests
)
(/usr/share/texlive/texmf-dist/tex/generic/pdftexcmds/pdftexcmds.sty
Package: pdftexcmds 2020-06-27 v0.33 Utility functions of pdfTeX for LuaTeX (HO
)

(/usr/share/texlive/texmf-dist/tex/generic/infwarerr/infwarerr.sty
Package: infwarerr 2019/12/03 v1.5 Providing info/warning/error messages (HO)
)
Package pdftexcmds Info: \pdf@primitive is available.
Package pdftexcmds Info: \pdf@ifprimitive is available.
Package pdftexcmds Info: \pdfdraftmode found.
)
(/usr/share/texlive/texmf-dist/tex/generic/kvsetkeys/kvsetkeys.sty
Package: kvsetkeys 2019/12/15 v1.18 Key value parser (HO)
)
(/usr/share/texlive/texmf-dist/tex/generic/kvdefinekeys/kvdefinekeys.sty
Package: kvdefinekeys 2019-12-19 v1.6 Define keys (HO)
)
(/usr/share/texlive/texmf-dist/tex/generic/pdfescape/pdfescape.sty
Package: pdfescape 2019/12/09 v1.15 Implements pdfTeX's escape features (HO)
)
(/usr/share/texlive/texmf-dist/tex/latex/hycolor/hycolor.sty
Package: hycolor 2020-01-27 v1.10 Color options for hyperref/bookmark (HO)
)
(/usr/share/texlive/texmf-dist/tex/latex/letltxmacro/letltxmacro.sty
Package: letltxmacro 2019/12/03 v1.6 Let assignment for LaTeX macros (HO)
)
(/usr/share/texlive/texmf-dist/tex/latex/auxhook/auxhook.sty
Package: auxhook 2019-12-17 v1.6 Hooks for auxiliary files (HO)
)
(/usr/share/texlive/texmf-dist/tex/latex/kvoptions/kvoptions.sty
Package: kvoptions 2020-10-07 v3.14 Key value format for package options (HO)
)
\@linkdim=\dimen149
\Hy@linkcounter=\count276
\Hy@pagecounter=\count277

(/usr/share/texlive/texmf-dist/tex/latex/hyperref/pd1enc.def
File: pd1enc.def 2021-06-07 v7.00m Hyperref: PDFDocEncoding definition (HO)
Now handling font encoding PD1 ...
... no UTF-8 mapping file for font encoding PD1
)
(/usr/share/texlive/texmf-dist/tex/latex/hyperref/hyperref-langpatches.def
File: hyperref-langpatches.def 2021-06-07 v7.00m Hyperref: patches for babel la
nguages
)
(/usr/share/texlive/texmf-dist/tex/generic/intcalc/intcalc.sty
Package: intcalc 2019/12/15 v1.3 Expandable calculations with integers (HO)
)
(/usr/share/texlive/texmf-dist/tex/generic/etexcmds/etexcmds.sty
Package: etexcmds 2019/12/15 v1.7 Avoid name clashes with e-TeX commands (HO)
)
\Hy@SavedSpaceFactor=\count278

(/usr/share/texlive/texmf-dist/tex/latex/hyperref/puenc.def
File: puenc.def 2021-06-07 v7.00m Hyperref: PDF Unicode definition (HO)
Now handling font encoding PU ...
... no UTF-8 mapping file for font encoding PU
)
Package hyperref Info: Hyper figures OFF on input line 4192.
Package hyperref Info: Link nesting OFF on input line 4197.
Package hyperref Info: Hyper index ON on input line 4200.
Package hyperref Info: Plain pages OFF on input line 4207.
Package hyperref Info: Backreferencing OFF on input line 4212.
Package hyperref Info: Implicit mode ON; LaTeX internals redefined.
Package hyperref Info: Bookmarks ON on input line 4445.
\c@Hy@tempcnt=\count279

(/usr/share/texlive/texmf-dist/tex/latex/url/url.sty
\Urlmuskip=\muskip17
Package: url 2013/09/16  ver 3.4  Verb mode for urls, etc.
)
LaTeX Info: Redefining \url on input line 4804.
\XeTeXLinkMargin=\dimen150

(/usr/share/texlive/texmf-dist/tex/generic/bitset/bitset.sty
Package: bitset 2019/12/09 v1.3 Handle bit-vector datatype (HO)

(/usr/share/texlive/texmf-dist/tex/generic/bigintcalc/bigintcalc.sty
Package: bigintcalc 2019/12/15 v1.5 Expandable calculations on big integers (HO
)
))
\Fld@menulength=\count280
\Field@Width=\dimen151
\Fld@charsize=\dimen152
Package hyperref Info: Hyper figures OFF on input line 6076.
Package hyperref Info: Link nesting OFF on input line 6081.
Package hyperref Info: Hyper index ON on input line 6084.
Package hyperref Info: backreferencing OFF on input line 6091.
Package hyperref Info: Link coloring OFF on input line 6096.
Package hyperref Info: Link coloring with OCG OFF on input line 6101.
Package hyperref Info: PDF/A mode OFF on input line 6106.
LaTeX Info: Redefining \ref on input line 6146.
LaTeX Info: Redefining \pageref on input line 6150.

(/usr/share/texlive/texmf-dist/tex/latex/base/atbegshi-ltx.sty
Package: atbegshi-ltx 2021/01/10 v1.0c Emulation of the original atbegshi
package with kernel methods
)
\Hy@abspage=\count281
\c@Item=\count282
\c@Hfootnote=\count283
)
Package hyperref Info: Driver (autodetected): hpdftex.

(/usr/share/texlive/texmf-dist/tex/latex/hyperref/hpdftex.def
File: hpdftex.def 2021-06-07 v7.00m Hyperref driver for pdfTeX

(/usr/share/texlive/texmf-dist/tex/latex/base/atveryend-ltx.sty
Package: atveryend-ltx 2020/08/19 v1.0a Emulation of the original atveryend pac
kage
with kernel methods
)
\Fld@listcount=\count284
\c@bookmark@seq@number=\count285

(/usr/share/texlive/texmf-dist/tex/latex/rerunfilecheck/rerunfilecheck.sty
Package: rerunfilecheck 2019/12/05 v1.9 Rerun checks for auxiliary files (HO)

(/usr/share/texlive/texmf-dist/tex/generic/uniquecounter/uniquecounter.sty
Package: uniquecounter 2019/12/15 v1.4 Provide unlimited unique counter (HO)
)
Package uniquecounter Info: New unique counter `rerunfilecheck' on input line 2
86.
)
\Hy@SectionHShift=\skip86
)
Package hyperref Info: Option `colorlinks' set `true' on input line 30.

(/usr/share/texlive/texmf-dist/tex/latex/cleveref/cleveref.sty
Package: cleveref 2018/03/27 v0.21.4 Intelligent cross-referencing
Package cleveref Info: `hyperref' support loaded on input line 2370.
LaTeX Info: Redefining \cref on input line 2370.
LaTeX Info: Redefining \Cref on input line 2370.
LaTeX Info: Redefining \crefrange on input line 2370.
LaTeX Info: Redefining \Crefrange on input line 2370.
LaTeX Info: Redefining \cpageref on input line 2370.
LaTeX Info: Redefining \Cpageref on input line 2370.
LaTeX Info: Redefining \cpagerefrange on input line 2370.
LaTeX Info: Redefining \Cpagerefrange on input line 2370.
LaTeX Info: Redefining \labelcref on input line 2370.
LaTeX Info: Redefining \labelcpageref on input line 2370.
Package cleveref Info: `amsthm' support loaded on input line 3026.
)
\c@exerc=\count286

(/usr/share/texlive/texmf-dist/tex/latex/float/float.sty
Package: float 2001/11/08 v1.3d Float enhancements (AL)
\c@float@type=\count287
\float@exts=\toks30
\float@box=\box52
\@float@everytoks=\toks31
\@floatcapt=\box53
)
(/usr/share/texlive/texmf-dist/tex/latex/framed/framed.sty
Package: framed 2011/10/22 v 0.96: framed or shaded text with page breaks
\OuterFrameSep=\skip87
\fb@frw=\dimen153
\fb@frh=\dimen154
\FrameRule=\dimen155
\FrameSep=\dimen156
)
\@float@every@Box=\toks32
\c@Box=\count288

(/usr/share/texlive/texmf-dist/tex/latex/geometry/geometry.sty
Package: geometry 2020/01/02 v5.9 Page Geometry

(/usr/share/texlive/texmf-dist/tex/generic/iftex/ifvtex.sty
Package: ifvtex 2019/10/25 v1.7 ifvtex legacy package. Use iftex instead.
)
\Gm@cnth=\count289
\Gm@cntv=\count290
\c@Gm@tempcnt=\count291
\Gm@bindingoffset=\dimen157
\Gm@wd@mp=\dimen158
\Gm@odd@mp=\dimen159
\Gm@even@mp=\dimen160
\Gm@layoutwidth=\dimen161
\Gm@layoutheight=\dimen162
\Gm@layouthoffset=\dimen163
\Gm@layoutvoffset=\dimen164
\Gm@dimlist=\toks33
)
(/usr/share/texlive/texmf-dist/tex/latex/mathtools/mathtools.sty
Package: mathtools 2021/02/02 v1.28 mathematical typesetting tools

(/usr/share/texlive/texmf-dist/tex/latex/tools/calc.sty
Package: calc 2017/05/25 v4.3 Infix arithmetic (KKT,FJ)
\calc@Acount=\count292
\calc@Bcount=\count293
\calc@Adimen=\dimen165
\calc@Bdimen=\dimen166
\calc@Askip=\skip88
\calc@Bskip=\skip89
LaTeX Info: Redefining \setlength on input line 80.
LaTeX Info: Redefining \addtolength on input line 81.
\calc@Ccount=\count294
\calc@Cskip=\skip90
)
(/usr/share/texlive/texmf-dist/tex/latex/mathtools/mhsetup.sty
Package: mhsetup 2021/03/18 v1.4 programming setup (MH)
)
\g_MT_multlinerow_int=\count295
\l_MT_multwidth_dim=\dimen167
\origjot=\skip91
\l_MT_shortvdotswithinadjustabove_dim=\dimen168
\l_MT_shortvdotswithinadjustbelow_dim=\dimen169
\l_MT_above_intertext_sep=\dimen170
\l_MT_below_intertext_sep=\dimen171
\l_MT_above_shortintertext_sep=\dimen172
\l_MT_below_shortintertext_sep=\dimen173
\xmathstrut@box=\box54
\xmathstrut@dim=\dimen174
)
(/usr/share/texlive/texmf-dist/tex/latex/fancyhdr/fancyhdr.sty
Package: fancyhdr 2021/01/28 v4.0.1 Extensive control of page headers and foote
rs
\f@nch@headwidth=\skip92
\f@nch@O@elh=\skip93
\f@nch@O@erh=\skip94
\f@nch@O@olh=\skip95
\f@nch@O@orh=\skip96
\f@nch@O@elf=\skip97
\f@nch@O@erf=\skip98
\f@nch@O@olf=\skip99
\f@nch@O@orf=\skip100
)
(/usr/share/texlive/texmf-dist/tex/latex/lipsum/lipsum.sty
(/usr/share/texlive/texmf-dist/tex/latex/l3packages/l3keys2e/l3keys2e.sty
(/usr/share/texlive/texmf-dist/tex/latex/l3kernel/expl3.sty
Package: expl3 2022-01-21 L3 programming layer (loader) 

(/usr/share/texlive/texmf-dist/tex/latex/l3backend/l3backend-pdftex.def
File: l3backend-pdftex.def 2022-01-12 L3 backend support: PDF output (pdfTeX)
\l__color_backend_stack_int=\count296
\l__pdf_internal_box=\box55
))
Package: l3keys2e 2022-01-12 LaTeX2e option processing using LaTeX3 keys
)
Package: lipsum 2021-09-20 v2.7 150 paragraphs of Lorem Ipsum dummy text
\g__lipsum_par_int=\count297
\l__lipsum_a_int=\count298
\l__lipsum_b_int=\count299

(/usr/share/texlive/texmf-dist/tex/latex/lipsum/lipsum.ltd.tex))
(/usr/share/texlive/texmf-dist/tex/latex/tools/enumerate.sty
Package: enumerate 2015/07/23 v3.00 enumerate extensions (DPC)
\@enLab=\toks34
)
(/usr/share/texlive/texmf-dist/tex/latex/graphics/rotating.sty
Package: rotating 2016/08/11 v2.16d rotated objects in LaTeX

(/usr/share/texlive/texmf-dist/tex/latex/graphics/graphicx.sty
Package: graphicx 2021/09/16 v1.2d Enhanced LaTeX Graphics (DPC,SPQR)

(/usr/share/texlive/texmf-dist/tex/latex/graphics/graphics.sty
Package: graphics 2021/03/04 v1.4d Standard LaTeX Graphics (DPC,SPQR)

(/usr/share/texlive/texmf-dist/tex/latex/graphics/trig.sty
Package: trig 2021/08/11 v1.11 sin cos tan (DPC)
)
(/usr/share/texlive/texmf-dist/tex/latex/graphics-cfg/graphics.cfg
File: graphics.cfg 2016/06/04 v1.11 sample graphics configuration
)
Package graphics Info: Driver file: pdftex.def on input line 107.
)
\Gin@req@height=\dimen175
\Gin@req@width=\dimen176
)
(/usr/share/texlive/texmf-dist/tex/latex/base/ifthen.sty
Package: ifthen 2020/11/24 v1.1c Standard LaTeX ifthen package (DPC)
)
\c@r@tfl@t=\count300
\rotFPtop=\skip101
\rotFPbot=\skip102
\rot@float@box=\box56
\rot@mess@toks=\toks35
)
(/usr/share/texlive/texmf-dist/tex/latex/enumitem/enumitem.sty
Package: enumitem 2019/06/20 v3.9 Customized lists
\labelindent=\skip103
\enit@outerparindent=\dimen177
\enit@toks=\toks36
\enit@inbox=\box57
\enit@count@id=\count301
\enitdp@description=\count302
)
\c@def*=\count303
\c@quest=\count304
\c@quest2=\count305
\c@sublema=\count306
\c@oobs=\count307
\c@exem=\count308
\c@lema=\count309
\c@teorema=\count310
\c@proposicao=\count311
\c@deff=\count312

(/usr/share/texlive/texmf-dist/tex/latex/pdfpages/pdfpages.sty
Package: pdfpages 2022/01/29 v0.5u Insert pages of external PDF documents (AM)

(/usr/share/texlive/texmf-dist/tex/latex/eso-pic/eso-pic.sty
Package: eso-pic 2020/10/14 v3.0a eso-pic (RN)
\ESO@tempdima=\dimen178
\ESO@tempdimb=\dimen179
)
\AM@pagewidth=\dimen180
\AM@pageheight=\dimen181
\AM@fboxrule=\dimen182

(/usr/share/texlive/texmf-dist/tex/latex/pdfpages/pppdftex.def
File: pppdftex.def 2022/01/29 v0.5u Pdfpages driver for pdfTeX (AM)
)
\pdfpages@includegraphics@status=\count313
\AM@pagebox=\box58
\AM@global@opts=\toks37
\AM@pagecnt=\count314
\AM@toc@title=\toks38
\c@AM@survey=\count315
\AM@templatesizebox=\box59
))
LaTeX Font Info:    Trying to load font information for T1+lmr on input line 3.


(/usr/share/texmf/tex/latex/lm/t1lmr.fd
File: t1lmr.fd 2009/10/30 v1.6 Font defs for Latin Modern
) (./questoesTopologia.aux)
\openout1 = `questoesTopologia.aux'.

LaTeX Font Info:    Checking defaults for OML/cmm/m/it on input line 3.
LaTeX Font Info:    ... okay on input line 3.
LaTeX Font Info:    Checking defaults for OMS/cmsy/m/n on input line 3.
LaTeX Font Info:    ... okay on input line 3.
LaTeX Font Info:    Checking defaults for OT1/cmr/m/n on input line 3.
LaTeX Font Info:    ... okay on input line 3.
LaTeX Font Info:    Checking defaults for T1/cmr/m/n on input line 3.
LaTeX Font Info:    ... okay on input line 3.
LaTeX Font Info:    Checking defaults for TS1/cmr/m/n on input line 3.
LaTeX Font Info:    ... okay on input line 3.
LaTeX Font Info:    Checking defaults for OMX/cmex/m/n on input line 3.
LaTeX Font Info:    ... okay on input line 3.
LaTeX Font Info:    Checking defaults for U/cmr/m/n on input line 3.
LaTeX Font Info:    ... okay on input line 3.
LaTeX Font Info:    Checking defaults for PD1/pdf/m/n on input line 3.
LaTeX Font Info:    ... okay on input line 3.
LaTeX Font Info:    Checking defaults for PU/pdf/m/n on input line 3.
LaTeX Font Info:    ... okay on input line 3.

(/usr/share/texlive/texmf-dist/tex/context/base/mkii/supp-pdf.mkii
[Loading MPS to PDF converter (version 2006.09.02).]
\scratchcounter=\count316
\scratchdimen=\dimen183
\scratchbox=\box60
\nofMPsegments=\count317
\nofMParguments=\count318
\everyMPshowfont=\toks39
\MPscratchCnt=\count319
\MPscratchDim=\dimen184
\MPnumerator=\count320
\makeMPintoPDFobject=\count321
\everyMPtoPDFconversion=\toks40
) (/usr/share/texlive/texmf-dist/tex/latex/epstopdf-pkg/epstopdf-base.sty
Package: epstopdf-base 2020-01-24 v2.11 Base part for package epstopdf
Package epstopdf-base Info: Redefining graphics rule for `.eps' on input line 4
85.

(/usr/share/texlive/texmf-dist/tex/latex/latexconfig/epstopdf-sys.cfg
File: epstopdf-sys.cfg 2010/07/13 v1.3 Configuration of (r)epstopdf for TeX Liv
e
))
Package lastpage Info: Please have a look at the pageslts package at
(lastpage)             https://www.ctan.org/pkg/pageslts
(lastpage)             ! on input line 3.
Package hyperref Info: Link coloring ON on input line 3.

(/usr/share/texlive/texmf-dist/tex/latex/hyperref/nameref.sty
Package: nameref 2021-04-02 v2.47 Cross-referencing by name of section

(/usr/share/texlive/texmf-dist/tex/latex/refcount/refcount.sty
Package: refcount 2019/12/15 v3.6 Data extraction from label references (HO)
)
(/usr/share/texlive/texmf-dist/tex/generic/gettitlestring/gettitlestring.sty
Package: gettitlestring 2019/12/15 v1.6 Cleanup title references (HO)
)
\c@section@level=\count322
)
LaTeX Info: Redefining \ref on input line 3.
LaTeX Info: Redefining \pageref on input line 3.
LaTeX Info: Redefining \nameref on input line 3.

(./questoesTopologia.out) (./questoesTopologia.out)
\@outlinefile=\write3
\openout3 = `questoesTopologia.out'.


*geometry* driver: auto-detecting
*geometry* detected driver: pdftex
*geometry* verbose mode - [ preamble ] result:
* driver: pdftex
* paper: a4paper
* layout: <same size as paper>
* layoutoffset:(h,v)=(0.0pt,0.0pt)
* modes: twoside 
* h-part:(L,W,R)=(21.68121pt, 554.14545pt, 21.68121pt)
* v-part:(T,H,B)=(65.04256pt, 714.96173pt, 65.04256pt)
* \paperwidth=597.50787pt
* \paperheight=845.04684pt
* \textwidth=554.14545pt
* \textheight=714.96173pt
* \oddsidemargin=-50.58878pt
* \evensidemargin=-50.58878pt
* \topmargin=-44.22743pt
* \headheight=12.0pt
* \headsep=25.0pt
* \topskip=12.0pt
* \footskip=30.0pt
* \marginparwidth=85.0pt
* \marginparsep=10.0pt
* \columnsep=10.0pt
* \skip\footins=10.8pt plus 4.0pt minus 2.0pt
* \hoffset=0.0pt
* \voffset=0.0pt
* \mag=1000
* \@twocolumnfalse
* \@twosidetrue
* \@mparswitchtrue
* \@reversemarginfalse
* (1in=72.27pt=25.4mm, 1cm=28.453pt)

(/usr/share/texlive/texmf-dist/tex/latex/pdflscape/pdflscape.sty
Package: pdflscape 2019/12/05 v0.12 Display of landscape pages in PDF (HO)

(/usr/share/texlive/texmf-dist/tex/latex/graphics/lscape.sty
Package: lscape 2020/05/28 v3.02 Landscape Pages (DPC)
)
Package pdflscape Info: Auto-detected driver: pdftex on input line 81.
)
(./questoesTopologia.toc
LaTeX Font Info:    Trying to load font information for OT1+lmr on input line 3
.
 (/usr/share/texmf/tex/latex/lm/ot1lmr.fd
File: ot1lmr.fd 2009/10/30 v1.6 Font defs for Latin Modern
)
LaTeX Font Info:    Trying to load font information for OML+lmm on input line 3
.

(/usr/share/texmf/tex/latex/lm/omllmm.fd
File: omllmm.fd 2009/10/30 v1.6 Font defs for Latin Modern
)
LaTeX Font Info:    Trying to load font information for OMS+lmsy on input line 
3.

(/usr/share/texmf/tex/latex/lm/omslmsy.fd
File: omslmsy.fd 2009/10/30 v1.6 Font defs for Latin Modern
)
LaTeX Font Info:    Trying to load font information for OMX+lmex on input line 
3.

(/usr/share/texmf/tex/latex/lm/omxlmex.fd
File: omxlmex.fd 2009/10/30 v1.6 Font defs for Latin Modern
)
LaTeX Font Info:    External font `lmex10' loaded for size
(Font)              <12> on input line 3.
LaTeX Font Info:    External font `lmex10' loaded for size
(Font)              <8> on input line 3.
LaTeX Font Info:    External font `lmex10' loaded for size
(Font)              <6> on input line 3.
LaTeX Font Info:    Trying to load font information for U+msa on input line 3.

(/usr/share/texlive/texmf-dist/tex/latex/amsfonts/umsa.fd
File: umsa.fd 2013/01/14 v3.01 AMS symbols A
)
LaTeX Font Info:    Trying to load font information for U+msb on input line 3.

(/usr/share/texlive/texmf-dist/tex/latex/amsfonts/umsb.fd
File: umsb.fd 2013/01/14 v3.01 AMS symbols B
)
LaTeX Font Info:    Trying to load font information for U+rsfs on input line 3.


(/usr/share/texlive/texmf-dist/tex/latex/jknapltx/ursfs.fd
File: ursfs.fd 1998/03/24 rsfs font definition file (jk)
))
\tf@toc=\write4
\openout4 = `questoesTopologia.toc'.



Package fancyhdr Warning: \headheight is too small (12.0pt): 
(fancyhdr)                Make it at least 24.724pt, for example:
(fancyhdr)                \setlength{\headheight}{24.724pt}.
(fancyhdr)                You might also make \topmargin smaller to compensate:

(fancyhdr)                \addtolength{\topmargin}{-12.724pt}.

[1{/var/lib/texmf/fonts/map/pdftex/updmap/pdftex.map}

]
<Conexidade_compacidade.pdf, id=53, 614.295pt x 794.97pt>
File: Conexidade_compacidade.pdf Graphic file (type pdf)
<use Conexidade_compacidade.pdf>
Package pdftex.def Info: Conexidade_compacidade.pdf  used on input line 10.
(pdftex.def)             Requested size: 614.29349pt x 794.96806pt.
File: Conexidade_compacidade.pdf Graphic file (type pdf)
<use Conexidade_compacidade.pdf>
Package pdftex.def Info: Conexidade_compacidade.pdf  used on input line 10.
(pdftex.def)             Requested size: 614.29349pt x 794.96806pt.
<Conexidade_compacidade.pdf, id=56, page=1, 614.295pt x 794.97pt>
File: Conexidade_compacidade.pdf Graphic file (type pdf)
<use Conexidade_compacidade.pdf, page 1>
Package pdftex.def Info: Conexidade_compacidade.pdf , page1 used on input line 
10.
(pdftex.def)             Requested size: 614.29349pt x 794.96806pt.
File: Conexidade_compacidade.pdf Graphic file (type pdf)
<use Conexidade_compacidade.pdf, page 1>
Package pdftex.def Info: Conexidade_compacidade.pdf , page1 used on input line 
10.
(pdftex.def)             Requested size: 597.78697pt x 773.60669pt.
File: Conexidade_compacidade.pdf Graphic file (type pdf)
<use Conexidade_compacidade.pdf, page 1>
Package pdftex.def Info: Conexidade_compacidade.pdf , page1 used on input line 
10.
(pdftex.def)             Requested size: 597.78697pt x 773.60669pt.
File: Conexidade_compacidade.pdf Graphic file (type pdf)
<use Conexidade_compacidade.pdf, page 1>
Package pdftex.def Info: Conexidade_compacidade.pdf , page1 used on input line 
10.
(pdftex.def)             Requested size: 597.78697pt x 773.60669pt.
File: Conexidade_compacidade.pdf Graphic file (type pdf)
<use Conexidade_compacidade.pdf, page 1>
Package pdftex.def Info: Conexidade_compacidade.pdf , page1 used on input line 
10.
(pdftex.def)             Requested size: 597.78697pt x 773.60669pt.
 [2 <./Conexidade_compacidade.pdf>]
<Conexidade_compacidade.pdf, id=132, page=2, 614.295pt x 794.97pt>
File: Conexidade_compacidade.pdf Graphic file (type pdf)
<use Conexidade_compacidade.pdf, page 2>
Package pdftex.def Info: Conexidade_compacidade.pdf , page2 used on input line 
10.
(pdftex.def)             Requested size: 597.78697pt x 773.60669pt.
File: Conexidade_compacidade.pdf Graphic file (type pdf)
<use Conexidade_compacidade.pdf, page 2>
Package pdftex.def Info: Conexidade_compacidade.pdf , page2 used on input line 
10.
(pdftex.def)             Requested size: 597.78697pt x 773.60669pt.
File: Conexidade_compacidade.pdf Graphic file (type pdf)
<use Conexidade_compacidade.pdf, page 2>
Package pdftex.def Info: Conexidade_compacidade.pdf , page2 used on input line 
10.
(pdftex.def)             Requested size: 597.78697pt x 773.60669pt.
 [3 <./Conexidade_compacidade.pdf>]
<Conexidade_compacidade.pdf, id=142, page=3, 614.295pt x 794.97pt>
File: Conexidade_compacidade.pdf Graphic file (type pdf)
<use Conexidade_compacidade.pdf, page 3>
Package pdftex.def Info: Conexidade_compacidade.pdf , page3 used on input line 
10.
(pdftex.def)             Requested size: 597.78697pt x 773.60669pt.
File: Conexidade_compacidade.pdf Graphic file (type pdf)
<use Conexidade_compacidade.pdf, page 3>
Package pdftex.def Info: Conexidade_compacidade.pdf , page3 used on input line 
10.
(pdftex.def)             Requested size: 597.78697pt x 773.60669pt.
File: Conexidade_compacidade.pdf Graphic file (type pdf)
<use Conexidade_compacidade.pdf, page 3>
Package pdftex.def Info: Conexidade_compacidade.pdf , page3 used on input line 
10.
(pdftex.def)             Requested size: 597.78697pt x 773.60669pt.
 [4 <./Conexidade_compacidade.pdf>]
<Conexidade_compacidade.pdf, id=157, page=4, 614.295pt x 794.97pt>
File: Conexidade_compacidade.pdf Graphic file (type pdf)
<use Conexidade_compacidade.pdf, page 4>
Package pdftex.def Info: Conexidade_compacidade.pdf , page4 used on input line 
10.
(pdftex.def)             Requested size: 597.78697pt x 773.60669pt.
File: Conexidade_compacidade.pdf Graphic file (type pdf)
<use Conexidade_compacidade.pdf, page 4>
Package pdftex.def Info: Conexidade_compacidade.pdf , page4 used on input line 
10.
(pdftex.def)             Requested size: 597.78697pt x 773.60669pt.
File: Conexidade_compacidade.pdf Graphic file (type pdf)
<use Conexidade_compacidade.pdf, page 4>
Package pdftex.def Info: Conexidade_compacidade.pdf , page4 used on input line 
10.
(pdftex.def)             Requested size: 597.78697pt x 773.60669pt.
 [5 <./Conexidade_compacidade.pdf>]
<Conexidade_compacidade.pdf, id=168, page=5, 614.295pt x 794.97pt>
File: Conexidade_compacidade.pdf Graphic file (type pdf)
<use Conexidade_compacidade.pdf, page 5>
Package pdftex.def Info: Conexidade_compacidade.pdf , page5 used on input line 
10.
(pdftex.def)             Requested size: 597.78697pt x 773.60669pt.
File: Conexidade_compacidade.pdf Graphic file (type pdf)
<use Conexidade_compacidade.pdf, page 5>
Package pdftex.def Info: Conexidade_compacidade.pdf , page5 used on input line 
10.
(pdftex.def)             Requested size: 597.78697pt x 773.60669pt.
File: Conexidade_compacidade.pdf Graphic file (type pdf)
<use Conexidade_compacidade.pdf, page 5>
Package pdftex.def Info: Conexidade_compacidade.pdf , page5 used on input line 
10.
(pdftex.def)             Requested size: 597.78697pt x 773.60669pt.
 [6 <./Conexidade_compacidade.pdf>]
<Conexidade_compacidade.pdf, id=173, page=6, 614.295pt x 794.97pt>
File: Conexidade_compacidade.pdf Graphic file (type pdf)
<use Conexidade_compacidade.pdf, page 6>
Package pdftex.def Info: Conexidade_compacidade.pdf , page6 used on input line 
10.
(pdftex.def)             Requested size: 597.78697pt x 773.60669pt.
File: Conexidade_compacidade.pdf Graphic file (type pdf)
<use Conexidade_compacidade.pdf, page 6>
Package pdftex.def Info: Conexidade_compacidade.pdf , page6 used on input line 
10.
(pdftex.def)             Requested size: 597.78697pt x 773.60669pt.
File: Conexidade_compacidade.pdf Graphic file (type pdf)
<use Conexidade_compacidade.pdf, page 6>
Package pdftex.def Info: Conexidade_compacidade.pdf , page6 used on input line 
10.
(pdftex.def)             Requested size: 597.78697pt x 773.60669pt.

[7 <./Conexidade_compacidade.pdf>]
<Conexidade_compacidade.pdf, id=179, page=7, 614.295pt x 794.97pt>
File: Conexidade_compacidade.pdf Graphic file (type pdf)
<use Conexidade_compacidade.pdf, page 7>
Package pdftex.def Info: Conexidade_compacidade.pdf , page7 used on input line 
10.
(pdftex.def)             Requested size: 597.78697pt x 773.60669pt.
File: Conexidade_compacidade.pdf Graphic file (type pdf)
<use Conexidade_compacidade.pdf, page 7>
Package pdftex.def Info: Conexidade_compacidade.pdf , page7 used on input line 
10.
(pdftex.def)             Requested size: 597.78697pt x 773.60669pt.
File: Conexidade_compacidade.pdf Graphic file (type pdf)
<use Conexidade_compacidade.pdf, page 7>
Package pdftex.def Info: Conexidade_compacidade.pdf , page7 used on input line 
10.
(pdftex.def)             Requested size: 597.78697pt x 773.60669pt.
 [8 <./Conexidade_compacidade.pdf>]
<Conexidade_compacidade.pdf, id=189, page=8, 614.295pt x 794.97pt>
File: Conexidade_compacidade.pdf Graphic file (type pdf)
<use Conexidade_compacidade.pdf, page 8>
Package pdftex.def Info: Conexidade_compacidade.pdf , page8 used on input line 
10.
(pdftex.def)             Requested size: 597.78697pt x 773.60669pt.
File: Conexidade_compacidade.pdf Graphic file (type pdf)
<use Conexidade_compacidade.pdf, page 8>
Package pdftex.def Info: Conexidade_compacidade.pdf , page8 used on input line 
10.
(pdftex.def)             Requested size: 597.78697pt x 773.60669pt.
File: Conexidade_compacidade.pdf Graphic file (type pdf)
<use Conexidade_compacidade.pdf, page 8>
Package pdftex.def Info: Conexidade_compacidade.pdf , page8 used on input line 
10.
(pdftex.def)             Requested size: 597.78697pt x 773.60669pt.
 [9 <./Conexidade_compacidade.pdf>]
<Lista_1.pdf, id=194, 597.50829pt x 845.0471pt>
File: Lista_1.pdf Graphic file (type pdf)
<use Lista_1.pdf>
Package pdftex.def Info: Lista_1.pdf  used on input line 11.
(pdftex.def)             Requested size: 597.50682pt x 845.04504pt.
File: Lista_1.pdf Graphic file (type pdf)
<use Lista_1.pdf>
Package pdftex.def Info: Lista_1.pdf  used on input line 11.
(pdftex.def)             Requested size: 597.50682pt x 845.04504pt.
<Lista_1.pdf, id=197, page=1, 597.50829pt x 845.0471pt>
File: Lista_1.pdf Graphic file (type pdf)
<use Lista_1.pdf, page 1>
Package pdftex.def Info: Lista_1.pdf , page1 used on input line 11.
(pdftex.def)             Requested size: 597.50682pt x 845.04504pt.
File: Lista_1.pdf Graphic file (type pdf)
<use Lista_1.pdf, page 1>
Package pdftex.def Info: Lista_1.pdf , page1 used on input line 11.
(pdftex.def)             Requested size: 597.53416pt x 845.08372pt.
File: Lista_1.pdf Graphic file (type pdf)
<use Lista_1.pdf, page 1>
Package pdftex.def Info: Lista_1.pdf , page1 used on input line 11.
(pdftex.def)             Requested size: 597.53416pt x 845.08372pt.
File: Lista_1.pdf Graphic file (type pdf)
<use Lista_1.pdf, page 1>
Package pdftex.def Info: Lista_1.pdf , page1 used on input line 11.
(pdftex.def)             Requested size: 597.53416pt x 845.08372pt.
File: Lista_1.pdf Graphic file (type pdf)
<use Lista_1.pdf, page 1>
Package pdftex.def Info: Lista_1.pdf , page1 used on input line 11.
(pdftex.def)             Requested size: 597.53416pt x 845.08372pt.
 [10 <./Lista_1.pdf>]
<Lista_1.pdf, id=254, page=2, 597.50829pt x 845.0471pt>
File: Lista_1.pdf Graphic file (type pdf)
<use Lista_1.pdf, page 2>
Package pdftex.def Info: Lista_1.pdf , page2 used on input line 11.
(pdftex.def)             Requested size: 597.53416pt x 845.08372pt.
File: Lista_1.pdf Graphic file (type pdf)
<use Lista_1.pdf, page 2>
Package pdftex.def Info: Lista_1.pdf , page2 used on input line 11.
(pdftex.def)             Requested size: 597.53416pt x 845.08372pt.
File: Lista_1.pdf Graphic file (type pdf)
<use Lista_1.pdf, page 2>
Package pdftex.def Info: Lista_1.pdf , page2 used on input line 11.
(pdftex.def)             Requested size: 597.53416pt x 845.08372pt.
 [11 <./Lista_1.pdf>]
<Lista_2.pdf, id=259, 597.50829pt x 845.0471pt>
File: Lista_2.pdf Graphic file (type pdf)
<use Lista_2.pdf>
Package pdftex.def Info: Lista_2.pdf  used on input line 12.
(pdftex.def)             Requested size: 597.50682pt x 845.04504pt.
File: Lista_2.pdf Graphic file (type pdf)
<use Lista_2.pdf>
Package pdftex.def Info: Lista_2.pdf  used on input line 12.
(pdftex.def)             Requested size: 597.50682pt x 845.04504pt.
<Lista_2.pdf, id=262, page=1, 597.50829pt x 845.0471pt>
File: Lista_2.pdf Graphic file (type pdf)
<use Lista_2.pdf, page 1>
Package pdftex.def Info: Lista_2.pdf , page1 used on input line 12.
(pdftex.def)             Requested size: 597.50682pt x 845.04504pt.
File: Lista_2.pdf Graphic file (type pdf)
<use Lista_2.pdf, page 1>
Package pdftex.def Info: Lista_2.pdf , page1 used on input line 12.
(pdftex.def)             Requested size: 597.53416pt x 845.08372pt.
File: Lista_2.pdf Graphic file (type pdf)
<use Lista_2.pdf, page 1>
Package pdftex.def Info: Lista_2.pdf , page1 used on input line 12.
(pdftex.def)             Requested size: 597.53416pt x 845.08372pt.
File: Lista_2.pdf Graphic file (type pdf)
<use Lista_2.pdf, page 1>
Package pdftex.def Info: Lista_2.pdf , page1 used on input line 12.
(pdftex.def)             Requested size: 597.53416pt x 845.08372pt.
File: Lista_2.pdf Graphic file (type pdf)
<use Lista_2.pdf, page 1>
Package pdftex.def Info: Lista_2.pdf , page1 used on input line 12.
(pdftex.def)             Requested size: 597.53416pt x 845.08372pt.
 [12 <./Lista_2.pdf>]

Package fancyhdr Warning: \headheight is too small (12.0pt): 
(fancyhdr)                Make it at least 24.724pt, for example:
(fancyhdr)                \setlength{\headheight}{24.724pt}.
(fancyhdr)                You might also make \topmargin smaller to compensate:

(fancyhdr)                \addtolength{\topmargin}{-12.724pt}.

[13]

Package fancyhdr Warning: \headheight is too small (12.0pt): 
(fancyhdr)                Make it at least 24.724pt, for example:
(fancyhdr)                \setlength{\headheight}{24.724pt}.
(fancyhdr)                You might also make \topmargin smaller to compensate:

(fancyhdr)                \addtolength{\topmargin}{-12.724pt}.

[14]
LaTeX Font Info:    Trying to load font information for U+euf on input line 95.

 (/usr/share/texlive/texmf-dist/tex/latex/amsfonts/ueuf.fd
File: ueuf.fd 2013/01/14 v3.01 Euler Fraktur
)

Package fancyhdr Warning: \headheight is too small (12.0pt): 
(fancyhdr)                Make it at least 24.724pt, for example:
(fancyhdr)                \setlength{\headheight}{24.724pt}.
(fancyhdr)                You might also make \topmargin smaller to compensate:

(fancyhdr)                \addtolength{\topmargin}{-12.724pt}.

[15]

Package fancyhdr Warning: \headheight is too small (12.0pt): 
(fancyhdr)                Make it at least 24.724pt, for example:
(fancyhdr)                \setlength{\headheight}{24.724pt}.
(fancyhdr)                You might also make \topmargin smaller to compensate:

(fancyhdr)                \addtolength{\topmargin}{-12.724pt}.

[16]

Package fancyhdr Warning: \headheight is too small (12.0pt): 
(fancyhdr)                Make it at least 24.724pt, for example:
(fancyhdr)                \setlength{\headheight}{24.724pt}.
(fancyhdr)                You might also make \topmargin smaller to compensate:

(fancyhdr)                \addtolength{\topmargin}{-12.724pt}.

[17]

Package fancyhdr Warning: \headheight is too small (12.0pt): 
(fancyhdr)                Make it at least 24.724pt, for example:
(fancyhdr)                \setlength{\headheight}{24.724pt}.
(fancyhdr)                You might also make \topmargin smaller to compensate:

(fancyhdr)                \addtolength{\topmargin}{-12.724pt}.

[18]

Package fancyhdr Warning: \headheight is too small (12.0pt): 
(fancyhdr)                Make it at least 24.724pt, for example:
(fancyhdr)                \setlength{\headheight}{24.724pt}.
(fancyhdr)                You might also make \topmargin smaller to compensate:

(fancyhdr)                \addtolength{\topmargin}{-12.724pt}.

[19]

Package fancyhdr Warning: \headheight is too small (12.0pt): 
(fancyhdr)                Make it at least 24.724pt, for example:
(fancyhdr)                \setlength{\headheight}{24.724pt}.
(fancyhdr)                You might also make \topmargin smaller to compensate:

(fancyhdr)                \addtolength{\topmargin}{-12.724pt}.

[20]

Package fancyhdr Warning: \headheight is too small (12.0pt): 
(fancyhdr)                Make it at least 24.724pt, for example:
(fancyhdr)                \setlength{\headheight}{24.724pt}.
(fancyhdr)                You might also make \topmargin smaller to compensate:

(fancyhdr)                \addtolength{\topmargin}{-12.724pt}.

[21]

Package fancyhdr Warning: \headheight is too small (12.0pt): 
(fancyhdr)                Make it at least 24.724pt, for example:
(fancyhdr)                \setlength{\headheight}{24.724pt}.
(fancyhdr)                You might also make \topmargin smaller to compensate:

(fancyhdr)                \addtolength{\topmargin}{-12.724pt}.

[22]

Package fancyhdr Warning: \headheight is too small (12.0pt): 
(fancyhdr)                Make it at least 24.724pt, for example:
(fancyhdr)                \setlength{\headheight}{24.724pt}.
(fancyhdr)                You might also make \topmargin smaller to compensate:

(fancyhdr)                \addtolength{\topmargin}{-12.724pt}.

[23]

Package fancyhdr Warning: \headheight is too small (12.0pt): 
(fancyhdr)                Make it at least 24.724pt, for example:
(fancyhdr)                \setlength{\headheight}{24.724pt}.
(fancyhdr)                You might also make \topmargin smaller to compensate:

(fancyhdr)                \addtolength{\topmargin}{-12.724pt}.

[24]

Package fancyhdr Warning: \headheight is too small (12.0pt): 
(fancyhdr)                Make it at least 24.724pt, for example:
(fancyhdr)                \setlength{\headheight}{24.724pt}.
(fancyhdr)                You might also make \topmargin smaller to compensate:

(fancyhdr)                \addtolength{\topmargin}{-12.724pt}.

[25]

Package fancyhdr Warning: \headheight is too small (12.0pt): 
(fancyhdr)                Make it at least 24.724pt, for example:
(fancyhdr)                \setlength{\headheight}{24.724pt}.
(fancyhdr)                You might also make \topmargin smaller to compensate:

(fancyhdr)                \addtolength{\topmargin}{-12.724pt}.

[26]
<SolLista1.pdf, id=476, 597.50829pt x 845.0471pt>
File: SolLista1.pdf Graphic file (type pdf)
<use SolLista1.pdf>
Package pdftex.def Info: SolLista1.pdf  used on input line 503.
(pdftex.def)             Requested size: 597.50682pt x 845.04504pt.
File: SolLista1.pdf Graphic file (type pdf)
<use SolLista1.pdf>
Package pdftex.def Info: SolLista1.pdf  used on input line 503.
(pdftex.def)             Requested size: 597.50682pt x 845.04504pt.
<SolLista1.pdf, id=479, page=1, 597.50829pt x 845.0471pt>
File: SolLista1.pdf Graphic file (type pdf)
<use SolLista1.pdf, page 1>
Package pdftex.def Info: SolLista1.pdf , page1 used on input line 503.
(pdftex.def)             Requested size: 597.50682pt x 845.04504pt.
File: SolLista1.pdf Graphic file (type pdf)
<use SolLista1.pdf, page 1>
Package pdftex.def Info: SolLista1.pdf , page1 used on input line 503.
(pdftex.def)             Requested size: 597.53416pt x 845.08372pt.


Package fancyhdr Warning: \headheight is too small (12.0pt): 
(fancyhdr)                Make it at least 24.724pt, for example:
(fancyhdr)                \setlength{\headheight}{24.724pt}.
(fancyhdr)                You might also make \topmargin smaller to compensate:

(fancyhdr)                \addtolength{\topmargin}{-12.724pt}.

[27]
File: SolLista1.pdf Graphic file (type pdf)
<use SolLista1.pdf, page 1>
Package pdftex.def Info: SolLista1.pdf , page1 used on input line 503.
(pdftex.def)             Requested size: 597.53416pt x 845.08372pt.
File: SolLista1.pdf Graphic file (type pdf)
<use SolLista1.pdf, page 1>
Package pdftex.def Info: SolLista1.pdf , page1 used on input line 503.
(pdftex.def)             Requested size: 597.53416pt x 845.08372pt.
File: SolLista1.pdf Graphic file (type pdf)
<use SolLista1.pdf, page 1>
Package pdftex.def Info: SolLista1.pdf , page1 used on input line 503.
(pdftex.def)             Requested size: 597.53416pt x 845.08372pt.
 [28 <./SolLista1.pdf>]
<SolLista1.pdf, id=527, page=2, 597.50829pt x 845.0471pt>
File: SolLista1.pdf Graphic file (type pdf)
<use SolLista1.pdf, page 2>
Package pdftex.def Info: SolLista1.pdf , page2 used on input line 503.
(pdftex.def)             Requested size: 597.53416pt x 845.08372pt.
File: SolLista1.pdf Graphic file (type pdf)
<use SolLista1.pdf, page 2>
Package pdftex.def Info: SolLista1.pdf , page2 used on input line 503.
(pdftex.def)             Requested size: 597.53416pt x 845.08372pt.
File: SolLista1.pdf Graphic file (type pdf)
<use SolLista1.pdf, page 2>
Package pdftex.def Info: SolLista1.pdf , page2 used on input line 503.
(pdftex.def)             Requested size: 597.53416pt x 845.08372pt.
 [29 <./SolLista1.pdf>]
<SolLista1.pdf, id=537, page=3, 597.50829pt x 845.0471pt>
File: SolLista1.pdf Graphic file (type pdf)
<use SolLista1.pdf, page 3>
Package pdftex.def Info: SolLista1.pdf , page3 used on input line 503.
(pdftex.def)             Requested size: 597.53416pt x 845.08372pt.
File: SolLista1.pdf Graphic file (type pdf)
<use SolLista1.pdf, page 3>
Package pdftex.def Info: SolLista1.pdf , page3 used on input line 503.
(pdftex.def)             Requested size: 597.53416pt x 845.08372pt.
File: SolLista1.pdf Graphic file (type pdf)
<use SolLista1.pdf, page 3>
Package pdftex.def Info: SolLista1.pdf , page3 used on input line 503.
(pdftex.def)             Requested size: 597.53416pt x 845.08372pt.
 [30 <./SolLista1.pdf>]
<SolLista1.pdf, id=542, page=4, 597.50829pt x 845.0471pt>
File: SolLista1.pdf Graphic file (type pdf)
<use SolLista1.pdf, page 4>
Package pdftex.def Info: SolLista1.pdf , page4 used on input line 503.
(pdftex.def)             Requested size: 597.53416pt x 845.08372pt.
File: SolLista1.pdf Graphic file (type pdf)
<use SolLista1.pdf, page 4>
Package pdftex.def Info: SolLista1.pdf , page4 used on input line 503.
(pdftex.def)             Requested size: 597.53416pt x 845.08372pt.
File: SolLista1.pdf Graphic file (type pdf)
<use SolLista1.pdf, page 4>
Package pdftex.def Info: SolLista1.pdf , page4 used on input line 503.
(pdftex.def)             Requested size: 597.53416pt x 845.08372pt.

[31 <./SolLista1.pdf>]
<SolLista2.pdf, id=551, 597.50829pt x 845.0471pt>
File: SolLista2.pdf Graphic file (type pdf)
<use SolLista2.pdf>
Package pdftex.def Info: SolLista2.pdf  used on input line 505.
(pdftex.def)             Requested size: 597.50682pt x 845.04504pt.
File: SolLista2.pdf Graphic file (type pdf)
<use SolLista2.pdf>
Package pdftex.def Info: SolLista2.pdf  used on input line 505.
(pdftex.def)             Requested size: 597.50682pt x 845.04504pt.
<SolLista2.pdf, id=554, page=1, 597.50829pt x 845.0471pt>
File: SolLista2.pdf Graphic file (type pdf)
<use SolLista2.pdf, page 1>
Package pdftex.def Info: SolLista2.pdf , page1 used on input line 505.
(pdftex.def)             Requested size: 597.50682pt x 845.04504pt.
File: SolLista2.pdf Graphic file (type pdf)
<use SolLista2.pdf, page 1>
Package pdftex.def Info: SolLista2.pdf , page1 used on input line 505.
(pdftex.def)             Requested size: 597.53416pt x 845.08372pt.
File: SolLista2.pdf Graphic file (type pdf)
<use SolLista2.pdf, page 1>
Package pdftex.def Info: SolLista2.pdf , page1 used on input line 505.
(pdftex.def)             Requested size: 597.53416pt x 845.08372pt.
File: SolLista2.pdf Graphic file (type pdf)
<use SolLista2.pdf, page 1>
Package pdftex.def Info: SolLista2.pdf , page1 used on input line 505.
(pdftex.def)             Requested size: 597.53416pt x 845.08372pt.
File: SolLista2.pdf Graphic file (type pdf)
<use SolLista2.pdf, page 1>
Package pdftex.def Info: SolLista2.pdf , page1 used on input line 505.
(pdftex.def)             Requested size: 597.53416pt x 845.08372pt.
 [32 <./SolLista2.pdf>]
<SolLista2.pdf, id=625, page=2, 597.50829pt x 845.0471pt>
File: SolLista2.pdf Graphic file (type pdf)
<use SolLista2.pdf, page 2>
Package pdftex.def Info: SolLista2.pdf , page2 used on input line 505.
(pdftex.def)             Requested size: 597.53416pt x 845.08372pt.
File: SolLista2.pdf Graphic file (type pdf)
<use SolLista2.pdf, page 2>
Package pdftex.def Info: SolLista2.pdf , page2 used on input line 505.
(pdftex.def)             Requested size: 597.53416pt x 845.08372pt.
File: SolLista2.pdf Graphic file (type pdf)
<use SolLista2.pdf, page 2>
Package pdftex.def Info: SolLista2.pdf , page2 used on input line 505.
(pdftex.def)             Requested size: 597.53416pt x 845.08372pt.
 [33 <./SolLista2.pdf>]

AED: lastpage setting LastPage
(./questoesTopologia.aux)
Package rerunfilecheck Info: File `questoesTopologia.out' has not changed.
(rerunfilecheck)             Checksum: E4AD1561811964C507E12CCBCA2222C4;1112.
 ) 
Here is how much of TeX's memory you used:
 16934 strings out of 478287
 287256 string characters out of 5849289
 709249 words of memory out of 5000000
 34704 multiletter control sequences out of 15000+600000
 540995 words of font info for 75 fonts, out of 8000000 for 9000
 1141 hyphenation exceptions out of 8191
 75i,17n,80p,1161b,518s stack positions out of 5000i,500n,10000p,200000b,80000s
{/usr/share/texmf/fonts/enc/dvips/lm/lm-ec.enc}{/usr/share/texmf/fonts/enc/dv
ips/lm/lm-rm.enc}{/usr/share/texmf/fonts/enc/dvips/lm/lm-mathex.enc}{/usr/share
/texmf/fonts/enc/dvips/lm/lm-mathit.enc}{/usr/share/texmf/fonts/enc/dvips/lm/lm
-mathsy.enc}</usr/share/texlive/texmf-dist/fonts/type1/public/amsfonts/cm/cmbx1
0.pfb></usr/share/texlive/texmf-dist/fonts/type1/public/amsfonts/cm/cmbx12.pfb>
</usr/share/texlive/texmf-dist/fonts/type1/public/amsfonts/cm/cmcsc10.pfb></usr
/share/texlive/texmf-dist/fonts/type1/public/amsfonts/cm/cmex10.pfb></usr/share
/texlive/texmf-dist/fonts/type1/public/amsfonts/cm/cmmi10.pfb></usr/share/texli
ve/texmf-dist/fonts/type1/public/amsfonts/cm/cmmi12.pfb></usr/share/texlive/tex
mf-dist/fonts/type1/public/amsfonts/cm/cmmi5.pfb></usr/share/texlive/texmf-dist
/fonts/type1/public/amsfonts/cm/cmmi7.pfb></usr/share/texlive/texmf-dist/fonts/
type1/public/amsfonts/cm/cmmi8.pfb></usr/share/texlive/texmf-dist/fonts/type1/p
ublic/amsfonts/cm/cmmib10.pfb></usr/share/texlive/texmf-dist/fonts/type1/public
/amsfonts/cm/cmr10.pfb></usr/share/texlive/texmf-dist/fonts/type1/public/amsfon
ts/cm/cmr12.pfb></usr/share/texlive/texmf-dist/fonts/type1/public/amsfonts/cm/c
mr5.pfb></usr/share/texlive/texmf-dist/fonts/type1/public/amsfonts/cm/cmr7.pfb>
</usr/share/texlive/texmf-dist/fonts/type1/public/amsfonts/cm/cmr8.pfb></usr/sh
are/texlive/texmf-dist/fonts/type1/public/amsfonts/cm/cmsy10.pfb></usr/share/te
xlive/texmf-dist/fonts/type1/public/amsfonts/cm/cmsy6.pfb></usr/share/texlive/t
exmf-dist/fonts/type1/public/amsfonts/cm/cmsy7.pfb></usr/share/texlive/texmf-di
st/fonts/type1/public/amsfonts/cm/cmsy8.pfb></usr/share/texlive/texmf-dist/font
s/type1/public/amsfonts/cm/cmti10.pfb></usr/share/texlive/texmf-dist/fonts/type
1/public/amsfonts/cm/cmti12.pfb></usr/share/texlive/texmf-dist/fonts/type1/publ
ic/amsfonts/euler/eufm10.pfb></usr/share/texlive/texmf-dist/fonts/type1/public/
mathpazo/fplmbb.pfb></usr/share/texlive/texmf-dist/fonts/type1/public/mathpazo/
fplmr.pfb></usr/share/texlive/texmf-dist/fonts/type1/public/mathpazo/fplmri.pfb
></usr/share/texmf/fonts/type1/public/lm/lmbx12.pfb></usr/share/texmf/fonts/typ
e1/public/lm/lmbx8.pfb></usr/share/texmf/fonts/type1/public/lm/lmbxi10.pfb></us
r/share/texmf/fonts/type1/public/lm/lmex10.pfb></usr/share/texmf/fonts/type1/pu
blic/lm/lmmi12.pfb></usr/share/texmf/fonts/type1/public/lm/lmmi6.pfb></usr/shar
e/texmf/fonts/type1/public/lm/lmmi8.pfb></usr/share/texmf/fonts/type1/public/lm
/lmr12.pfb></usr/share/texmf/fonts/type1/public/lm/lmr6.pfb></usr/share/texmf/f
onts/type1/public/lm/lmr8.pfb></usr/share/texmf/fonts/type1/public/lm/lmri12.pf
b></usr/share/texmf/fonts/type1/public/lm/lmsy10.pfb></usr/share/texmf/fonts/ty
pe1/public/lm/lmsy8.pfb></usr/share/texlive/texmf-dist/fonts/type1/public/amsfo
nts/symbols/msam10.pfb></usr/share/texlive/texmf-dist/fonts/type1/public/amsfon
ts/symbols/msbm10.pfb></usr/share/texlive/texmf-dist/fonts/type1/public/amsfont
s/symbols/msbm7.pfb></usr/share/texlive/texmf-dist/fonts/type1/public/rsfs/rsfs
10.pfb></usr/share/texlive/texmf-dist/fonts/type1/public/rsfs/rsfs7.pfb></usr/s
hare/texlive/texmf-dist/fonts/type1/urw/palatino/uplb8a.pfb></usr/share/texlive
/texmf-dist/fonts/type1/urw/palatino/uplr8a.pfb></usr/share/texlive/texmf-dist/
fonts/type1/urw/palatino/uplri8a.pfb>
Output written on questoesTopologia.pdf (33 pages, 1075483 bytes).
PDF statistics:
 755 PDF objects out of 1000 (max. 8388607)
 614 compressed objects within 7 object streams
 124 named destinations out of 1000 (max. 500000)
 217 words of extra memory for PDF output out of 10000 (max. 10000000)

